  Camera.cpp
  imgui.cpp
  imgui_demo.cpp
  imgui_draw.cpp
  imgui_impl_glfw.cpp
  imgui_impl_opengl3.cpp
  imgui_tables.cpp
  imgui_widgets.cpp
  image.cpp
  Main.cpp
C:\Users\emont\source\repos\OpenGLSimpleGame\OpenGLSimpleGame\Main.cpp(306,9): warning C4244: 'argumento': conversión de 'int' a 'float'; posible pérdida de datos
C:\Users\emont\source\repos\OpenGLSimpleGame\OpenGLSimpleGame\Main.cpp(305,9): warning C4244: 'argumento': conversión de 'int' a 'float'; posible pérdida de datos
  Material.cpp
  Mesh.cpp
  Object.cpp
  Renderer.cpp
  Shader.cpp
  Shader.h
  Source.cpp
  Transform.cpp
  Generando código...
  glad.c
x64\Debug\Shader.obj : warning LNK4042: objeto especificado más de una vez; omitidos los sobrantes
LINK : warning LNK4098: la biblioteca predeterminada'MSVCRT' entra en conflicto con otras bibliotecas; use la biblioteca /NODEFAULTLIB:biblioteca
  OpenGLSimpleGame.vcxproj -> C:\Users\emont\source\repos\OpenGLSimpleGame\x64\Debug\OpenGLSimpleGame.exe
