c:\users\emont\source\repos\openglsimplegame\openglsimplegame\x64\debug\vc143.pdb
c:\users\emont\source\repos\openglsimplegame\openglsimplegame\x64\debug\vc143.idb
c:\users\emont\source\repos\openglsimplegame\openglsimplegame\x64\debug\transform.obj
c:\users\emont\source\repos\openglsimplegame\openglsimplegame\x64\debug\source.obj
c:\users\emont\source\repos\openglsimplegame\openglsimplegame\x64\debug\shader.obj
c:\users\emont\source\repos\openglsimplegame\openglsimplegame\x64\debug\renderer.obj
c:\users\emont\source\repos\openglsimplegame\openglsimplegame\x64\debug\object.obj
c:\users\emont\source\repos\openglsimplegame\openglsimplegame\x64\debug\modelimporter.obj
c:\users\emont\source\repos\openglsimplegame\openglsimplegame\x64\debug\mesh.obj
c:\users\emont\source\repos\openglsimplegame\openglsimplegame\x64\debug\material.obj
c:\users\emont\source\repos\openglsimplegame\openglsimplegame\x64\debug\main.obj
c:\users\emont\source\repos\openglsimplegame\openglsimplegame\x64\debug\image.obj
c:\users\emont\source\repos\openglsimplegame\openglsimplegame\x64\debug\imgui_widgets.obj
c:\users\emont\source\repos\openglsimplegame\openglsimplegame\x64\debug\imgui_tables.obj
c:\users\emont\source\repos\openglsimplegame\openglsimplegame\x64\debug\imgui_impl_opengl3.obj
c:\users\emont\source\repos\openglsimplegame\openglsimplegame\x64\debug\imgui_impl_glfw.obj
c:\users\emont\source\repos\openglsimplegame\openglsimplegame\x64\debug\imgui_draw.obj
c:\users\emont\source\repos\openglsimplegame\openglsimplegame\x64\debug\imgui_demo.obj
c:\users\emont\source\repos\openglsimplegame\openglsimplegame\x64\debug\imgui.obj
c:\users\emont\source\repos\openglsimplegame\openglsimplegame\x64\debug\camera.obj
c:\users\emont\source\repos\openglsimplegame\openglsimplegame\x64\debug\glad.obj
c:\users\emont\source\repos\openglsimplegame\x64\debug\openglsimplegame.exe
c:\users\emont\source\repos\openglsimplegame\x64\debug\openglsimplegame.pdb
c:\users\emont\source\repos\openglsimplegame\openglsimplegame\x64\debug\openglsimplegame.ilk
c:\users\emont\source\repos\openglsimplegame\openglsimplegame\x64\debug\openglsimplegame.tlog\cl.command.1.tlog
c:\users\emont\source\repos\openglsimplegame\openglsimplegame\x64\debug\openglsimplegame.tlog\cl.items.tlog
c:\users\emont\source\repos\openglsimplegame\openglsimplegame\x64\debug\openglsimplegame.tlog\cl.read.1.tlog
c:\users\emont\source\repos\openglsimplegame\openglsimplegame\x64\debug\openglsimplegame.tlog\cl.write.1.tlog
c:\users\emont\source\repos\openglsimplegame\openglsimplegame\x64\debug\openglsimplegame.tlog\link.command.1.tlog
c:\users\emont\source\repos\openglsimplegame\openglsimplegame\x64\debug\openglsimplegame.tlog\link.read.1.tlog
c:\users\emont\source\repos\openglsimplegame\openglsimplegame\x64\debug\openglsimplegame.tlog\link.secondary.1.tlog
c:\users\emont\source\repos\openglsimplegame\openglsimplegame\x64\debug\openglsimplegame.tlog\link.write.1.tlog
